<?xml version="1.0" encoding="UTF-8"?>
<testsuite xmlns:xsi="http://www.w3.org/2001/XMLSchema-instance" xsi:noNamespaceSchemaLocation="https://maven.apache.org/surefire/maven-surefire-plugin/xsd/surefire-test-report.xsd" version="3.0.2" name="com.ayfood.ayfood.AyfoodApplicationTests" time="1.969" tests="1" errors="0" skipped="0" failures="0">
  <properties>
[...]
</properties>
  <testcase name="contextLoads" classname="com.ayfood.ayfood.AyfoodApplicationTests" time="0.476">
    <system-out><![CDATA[15:27:49.129 [main] INFO org.springframework.test.context.support.AnnotationConfigContextLoaderUtils -- Could not detect default configuration classes for test class [com.ayfood.ayfood.AyfoodApplicationTests]: AyfoodApplicationTests does not declare any static, non-private, non-final, nested classes annotated with @Configuration.
15:27:49.190 [main] INFO org.springframework.boot.test.context.SpringBootTestContextBootstrapper -- Found @SpringBootConfiguration com.ayfood.ayfood.AyfoodApplication for test class com.ayfood.ayfood.AyfoodApplicationTests
15:27:49.293 [main] INFO org.springframework.boot.devtools.restart.RestartApplicationListener -- Restart disabled due to context in which it is running

  .   ____          _            __ _ _
 /\\ / ___'_ __ _ _(_)_ __  __ _ \ \ \ \
( ( )\___ | '_ | '_| | '_ \/ _` | \ \ \ \
 \\/  ___)| |_)| | | | | || (_| |  ) ) ) )
  '  |____| .__|_| |_|_| |_\__, | / / / /
 =========|_|==============|___/=/_/_/_/

 :: Spring Boot ::                (v3.4.1)

2025-01-11T15:27:49.456-03:00  INFO 30404 --- [ayfood] [           main] c.ayfood.ayfood.AyfoodApplicationTests   : Starting AyfoodApplicationTests using Java 21.0.5 with PID 30404 (started by yan in /home/yan/Documentos/FIAP/ayfood)
2025-01-11T15:27:49.457-03:00  INFO 30404 --- [ayfood] [           main] c.ayfood.ayfood.AyfoodApplicationTests   : No active profile set, falling back to 1 default profile: "default"
2025-01-11T15:27:50.124-03:00  INFO 30404 --- [ayfood] [           main] o.s.v.b.OptionalValidatorFactoryBean     : Failed to set up a Bean Validation provider: jakarta.validation.NoProviderFoundException: Unable to create a Configuration, because no Jakarta Bean Validation provider could be found. Add a provider like Hibernate Validator (RI) to your classpath.
2025-01-11T15:27:50.398-03:00  INFO 30404 --- [ayfood] [           main] o.s.b.a.e.web.EndpointLinksResolver      : Exposing 1 endpoint beneath base path '/actuator'
2025-01-11T15:27:50.434-03:00  INFO 30404 --- [ayfood] [           main] c.ayfood.ayfood.AyfoodApplicationTests   : Started AyfoodApplicationTests in 1.148 seconds (process running for 1.704)
]]></system-out>
    <system-err><![CDATA[Mockito is currently self-attaching to enable the inline-mock-maker. This will no longer work in future releases of the JDK. Please add Mockito as an agent to your build what is described in Mockito's documentation: https://javadoc.io/doc/org.mockito/mockito-core/latest/org/mockito/Mockito.html#0.3
WARNING: A Java agent has been loaded dynamically (/home/yan/.m2/repository/net/bytebuddy/byte-buddy-agent/1.15.11/byte-buddy-agent-1.15.11.jar)
WARNING: If a serviceability tool is in use, please run with -XX:+EnableDynamicAgentLoading to hide this warning
WARNING: If a serviceability tool is not in use, please run with -Djdk.instrument.traceUsage for more information
WARNING: Dynamic loading of agents will be disallowed by default in a future release
]]></system-err>
  </testcase>
</testsuite>